Performing C++ SOURCE FILE Test COMPILER_SUPPORT_Wshorten64to32 failed with the following output:
Change Dir: /home/symlab/Downloads/eigen-eigen-67e894c6cd8f/build/CMakeFiles/CMakeTmp

Run Build Command:"/usr/bin/make" "cmTC_1b942/fast"
/usr/bin/make -f CMakeFiles/cmTC_1b942.dir/build.make CMakeFiles/cmTC_1b942.dir/build
make[1]: Entering directory '/home/symlab/Downloads/eigen-eigen-67e894c6cd8f/build/CMakeFiles/CMakeTmp'
Building CXX object CMakeFiles/cmTC_1b942.dir/src.cxx.o
/usr/bin/c++     -pedantic -Wall -Wextra -Wundef -Wcast-align -Wchar-subscripts -Wnon-virtual-dtor -Wunused-local-typedefs -Wpointer-arith -Wwrite-strings -Wformat-security -DCOMPILER_SUPPORT_Wshorten64to32 -Werror   -Wshorten-64-to-32 -o CMakeFiles/cmTC_1b942.dir/src.cxx.o -c /home/symlab/Downloads/eigen-eigen-67e894c6cd8f/build/CMakeFiles/CMakeTmp/src.cxx
c++: error: unrecognized command line option '-Wshorten-64-to-32'
CMakeFiles/cmTC_1b942.dir/build.make:65: recipe for target 'CMakeFiles/cmTC_1b942.dir/src.cxx.o' failed
make[1]: *** [CMakeFiles/cmTC_1b942.dir/src.cxx.o] Error 1
make[1]: Leaving directory '/home/symlab/Downloads/eigen-eigen-67e894c6cd8f/build/CMakeFiles/CMakeTmp'
Makefile:126: recipe for target 'cmTC_1b942/fast' failed
make: *** [cmTC_1b942/fast] Error 2

Source file was:
int main() { return 0; }
Performing C++ SOURCE FILE Test COMPILER_SUPPORT_Wenumconversion failed with the following output:
Change Dir: /home/symlab/Downloads/eigen-eigen-67e894c6cd8f/build/CMakeFiles/CMakeTmp

Run Build Command:"/usr/bin/make" "cmTC_b7807/fast"
/usr/bin/make -f CMakeFiles/cmTC_b7807.dir/build.make CMakeFiles/cmTC_b7807.dir/build
make[1]: Entering directory '/home/symlab/Downloads/eigen-eigen-67e894c6cd8f/build/CMakeFiles/CMakeTmp'
Building CXX object CMakeFiles/cmTC_b7807.dir/src.cxx.o
/usr/bin/c++     -pedantic -Wall -Wextra -Wundef -Wcast-align -Wchar-subscripts -Wnon-virtual-dtor -Wunused-local-typedefs -Wpointer-arith -Wwrite-strings -Wformat-security -Wlogical-op -DCOMPILER_SUPPORT_Wenumconversion -Werror   -Wenum-conversion -o CMakeFiles/cmTC_b7807.dir/src.cxx.o -c /home/symlab/Downloads/eigen-eigen-67e894c6cd8f/build/CMakeFiles/CMakeTmp/src.cxx
c++: error: unrecognized command line option '-Wenum-conversion'
CMakeFiles/cmTC_b7807.dir/build.make:65: recipe for target 'CMakeFiles/cmTC_b7807.dir/src.cxx.o' failed
make[1]: *** [CMakeFiles/cmTC_b7807.dir/src.cxx.o] Error 1
make[1]: Leaving directory '/home/symlab/Downloads/eigen-eigen-67e894c6cd8f/build/CMakeFiles/CMakeTmp'
Makefile:126: recipe for target 'cmTC_b7807/fast' failed
make: *** [cmTC_b7807/fast] Error 2

Source file was:
int main() { return 0; }
Performing C++ SOURCE FILE Test COMPILER_SUPPORT_Wcpp11extensions failed with the following output:
Change Dir: /home/symlab/Downloads/eigen-eigen-67e894c6cd8f/build/CMakeFiles/CMakeTmp

Run Build Command:"/usr/bin/make" "cmTC_4d43b/fast"
/usr/bin/make -f CMakeFiles/cmTC_4d43b.dir/build.make CMakeFiles/cmTC_4d43b.dir/build
make[1]: Entering directory '/home/symlab/Downloads/eigen-eigen-67e894c6cd8f/build/CMakeFiles/CMakeTmp'
Building CXX object CMakeFiles/cmTC_4d43b.dir/src.cxx.o
/usr/bin/c++     -pedantic -Wall -Wextra -Wundef -Wcast-align -Wchar-subscripts -Wnon-virtual-dtor -Wunused-local-typedefs -Wpointer-arith -Wwrite-strings -Wformat-security -Wlogical-op -DCOMPILER_SUPPORT_Wcpp11extensions -Werror   -Wc++11-extensions -o CMakeFiles/cmTC_4d43b.dir/src.cxx.o -c /home/symlab/Downloads/eigen-eigen-67e894c6cd8f/build/CMakeFiles/CMakeTmp/src.cxx
c++: error: unrecognized command line option '-Wc++11-extensions'
CMakeFiles/cmTC_4d43b.dir/build.make:65: recipe for target 'CMakeFiles/cmTC_4d43b.dir/src.cxx.o' failed
make[1]: *** [CMakeFiles/cmTC_4d43b.dir/src.cxx.o] Error 1
make[1]: Leaving directory '/home/symlab/Downloads/eigen-eigen-67e894c6cd8f/build/CMakeFiles/CMakeTmp'
Makefile:126: recipe for target 'cmTC_4d43b/fast' failed
make: *** [cmTC_4d43b/fast] Error 2

Source file was:
int main() { return 0; }
Performing C++ SOURCE FILE Test COMPILER_SUPPORT_wd981 failed with the following output:
Change Dir: /home/symlab/Downloads/eigen-eigen-67e894c6cd8f/build/CMakeFiles/CMakeTmp

Run Build Command:"/usr/bin/make" "cmTC_5b763/fast"
/usr/bin/make -f CMakeFiles/cmTC_5b763.dir/build.make CMakeFiles/cmTC_5b763.dir/build
make[1]: Entering directory '/home/symlab/Downloads/eigen-eigen-67e894c6cd8f/build/CMakeFiles/CMakeTmp'
Building CXX object CMakeFiles/cmTC_5b763.dir/src.cxx.o
/usr/bin/c++     -pedantic -Wall -Wextra -Wundef -Wcast-align -Wchar-subscripts -Wnon-virtual-dtor -Wunused-local-typedefs -Wpointer-arith -Wwrite-strings -Wformat-security -Wlogical-op -Wdouble-promotion -Wno-psabi -Wno-variadic-macros -Wno-long-long -fno-check-new -fno-common -fstrict-aliasing -DCOMPILER_SUPPORT_wd981 -Werror   -wd981 -o CMakeFiles/cmTC_5b763.dir/src.cxx.o -c /home/symlab/Downloads/eigen-eigen-67e894c6cd8f/build/CMakeFiles/CMakeTmp/src.cxx
c++: error: unrecognized command line option '-wd981'
CMakeFiles/cmTC_5b763.dir/build.make:65: recipe for target 'CMakeFiles/cmTC_5b763.dir/src.cxx.o' failed
make[1]: *** [CMakeFiles/cmTC_5b763.dir/src.cxx.o] Error 1
make[1]: Leaving directory '/home/symlab/Downloads/eigen-eigen-67e894c6cd8f/build/CMakeFiles/CMakeTmp'
Makefile:126: recipe for target 'cmTC_5b763/fast' failed
make: *** [cmTC_5b763/fast] Error 2

Source file was:
int main() { return 0; }
Performing C++ SOURCE FILE Test COMPILER_SUPPORT_wd2304 failed with the following output:
Change Dir: /home/symlab/Downloads/eigen-eigen-67e894c6cd8f/build/CMakeFiles/CMakeTmp

Run Build Command:"/usr/bin/make" "cmTC_3c459/fast"
/usr/bin/make -f CMakeFiles/cmTC_3c459.dir/build.make CMakeFiles/cmTC_3c459.dir/build
make[1]: Entering directory '/home/symlab/Downloads/eigen-eigen-67e894c6cd8f/build/CMakeFiles/CMakeTmp'
Building CXX object CMakeFiles/cmTC_3c459.dir/src.cxx.o
/usr/bin/c++     -pedantic -Wall -Wextra -Wundef -Wcast-align -Wchar-subscripts -Wnon-virtual-dtor -Wunused-local-typedefs -Wpointer-arith -Wwrite-strings -Wformat-security -Wlogical-op -Wdouble-promotion -Wno-psabi -Wno-variadic-macros -Wno-long-long -fno-check-new -fno-common -fstrict-aliasing -DCOMPILER_SUPPORT_wd2304 -Werror   -wd2304 -o CMakeFiles/cmTC_3c459.dir/src.cxx.o -c /home/symlab/Downloads/eigen-eigen-67e894c6cd8f/build/CMakeFiles/CMakeTmp/src.cxx
c++: error: unrecognized command line option '-wd2304'
CMakeFiles/cmTC_3c459.dir/build.make:65: recipe for target 'CMakeFiles/cmTC_3c459.dir/src.cxx.o' failed
make[1]: *** [CMakeFiles/cmTC_3c459.dir/src.cxx.o] Error 1
make[1]: Leaving directory '/home/symlab/Downloads/eigen-eigen-67e894c6cd8f/build/CMakeFiles/CMakeTmp'
Makefile:126: recipe for target 'cmTC_3c459/fast' failed
make: *** [cmTC_3c459/fast] Error 2

Source file was:
int main() { return 0; }
Performing C++ SOURCE FILE Test COMPILER_SUPPORT_STRICTANSI failed with the following output:
Change Dir: /home/symlab/Downloads/eigen-eigen-67e894c6cd8f/build/CMakeFiles/CMakeTmp

Run Build Command:"/usr/bin/make" "cmTC_77276/fast"
/usr/bin/make -f CMakeFiles/cmTC_77276.dir/build.make CMakeFiles/cmTC_77276.dir/build
make[1]: Entering directory '/home/symlab/Downloads/eigen-eigen-67e894c6cd8f/build/CMakeFiles/CMakeTmp'
Building CXX object CMakeFiles/cmTC_77276.dir/src.cxx.o
/usr/bin/c++     -pedantic -Wall -Wextra -Wundef -Wcast-align -Wchar-subscripts -Wnon-virtual-dtor -Wunused-local-typedefs -Wpointer-arith -Wwrite-strings -Wformat-security -Wlogical-op -Wdouble-promotion -Wno-psabi -Wno-variadic-macros -Wno-long-long -fno-check-new -fno-common -fstrict-aliasing -DCOMPILER_SUPPORT_STRICTANSI -Werror   -strict-ansi -o CMakeFiles/cmTC_77276.dir/src.cxx.o -c /home/symlab/Downloads/eigen-eigen-67e894c6cd8f/build/CMakeFiles/CMakeTmp/src.cxx
c++: error: unrecognized command line option '-strict-ansi'
CMakeFiles/cmTC_77276.dir/build.make:65: recipe for target 'CMakeFiles/cmTC_77276.dir/src.cxx.o' failed
make[1]: *** [CMakeFiles/cmTC_77276.dir/src.cxx.o] Error 1
make[1]: Leaving directory '/home/symlab/Downloads/eigen-eigen-67e894c6cd8f/build/CMakeFiles/CMakeTmp'
Makefile:126: recipe for target 'cmTC_77276/fast' failed
make: *** [cmTC_77276/fast] Error 2

Source file was:
int main() { return 0; }
Performing C++ SOURCE FILE Test COMPILER_SUPPORT_Qunusedarguments failed with the following output:
Change Dir: /home/symlab/Downloads/eigen-eigen-67e894c6cd8f/build/CMakeFiles/CMakeTmp

Run Build Command:"/usr/bin/make" "cmTC_6853e/fast"
/usr/bin/make -f CMakeFiles/cmTC_6853e.dir/build.make CMakeFiles/cmTC_6853e.dir/build
make[1]: Entering directory '/home/symlab/Downloads/eigen-eigen-67e894c6cd8f/build/CMakeFiles/CMakeTmp'
Building CXX object CMakeFiles/cmTC_6853e.dir/src.cxx.o
/usr/bin/c++     -pedantic -Wall -Wextra -Wundef -Wcast-align -Wchar-subscripts -Wnon-virtual-dtor -Wunused-local-typedefs -Wpointer-arith -Wwrite-strings -Wformat-security -Wlogical-op -Wdouble-promotion -Wno-psabi -Wno-variadic-macros -Wno-long-long -fno-check-new -fno-common -fstrict-aliasing -DCOMPILER_SUPPORT_Qunusedarguments -Werror   -Qunused-arguments -o CMakeFiles/cmTC_6853e.dir/src.cxx.o -c /home/symlab/Downloads/eigen-eigen-67e894c6cd8f/build/CMakeFiles/CMakeTmp/src.cxx
c++: error: unrecognized command line option '-Qunused-arguments'
CMakeFiles/cmTC_6853e.dir/build.make:65: recipe for target 'CMakeFiles/cmTC_6853e.dir/src.cxx.o' failed
make[1]: *** [CMakeFiles/cmTC_6853e.dir/src.cxx.o] Error 1
make[1]: Leaving directory '/home/symlab/Downloads/eigen-eigen-67e894c6cd8f/build/CMakeFiles/CMakeTmp'
Makefile:126: recipe for target 'cmTC_6853e/fast' failed
make: *** [cmTC_6853e/fast] Error 2

Source file was:
int main() { return 0; }
Determining if the pthread_create exist failed with the following output:
Change Dir: /home/symlab/Downloads/eigen-eigen-67e894c6cd8f/build/CMakeFiles/CMakeTmp

Run Build Command:"/usr/bin/make" "cmTC_ccad6/fast"
/usr/bin/make -f CMakeFiles/cmTC_ccad6.dir/build.make CMakeFiles/cmTC_ccad6.dir/build
make[1]: Entering directory '/home/symlab/Downloads/eigen-eigen-67e894c6cd8f/build/CMakeFiles/CMakeTmp'
Building C object CMakeFiles/cmTC_ccad6.dir/CheckSymbolExists.c.o
/usr/bin/cc     -o CMakeFiles/cmTC_ccad6.dir/CheckSymbolExists.c.o   -c /home/symlab/Downloads/eigen-eigen-67e894c6cd8f/build/CMakeFiles/CMakeTmp/CheckSymbolExists.c
Linking C executable cmTC_ccad6
/usr/bin/cmake -E cmake_link_script CMakeFiles/cmTC_ccad6.dir/link.txt --verbose=1
/usr/bin/cc       CMakeFiles/cmTC_ccad6.dir/CheckSymbolExists.c.o  -o cmTC_ccad6 -rdynamic 
CMakeFiles/cmTC_ccad6.dir/CheckSymbolExists.c.o: In function `main':
CheckSymbolExists.c:(.text+0x16): undefined reference to `pthread_create'
collect2: error: ld returned 1 exit status
CMakeFiles/cmTC_ccad6.dir/build.make:97: recipe for target 'cmTC_ccad6' failed
make[1]: *** [cmTC_ccad6] Error 1
make[1]: Leaving directory '/home/symlab/Downloads/eigen-eigen-67e894c6cd8f/build/CMakeFiles/CMakeTmp'
Makefile:126: recipe for target 'cmTC_ccad6/fast' failed
make: *** [cmTC_ccad6/fast] Error 2

File /home/symlab/Downloads/eigen-eigen-67e894c6cd8f/build/CMakeFiles/CMakeTmp/CheckSymbolExists.c:
/* */
#include <pthread.h>

int main(int argc, char** argv)
{
  (void)argv;
#ifndef pthread_create
  return ((int*)(&pthread_create))[argc];
#else
  (void)argc;
  return 0;
#endif
}

Determining if the function pthread_create exists in the pthreads failed with the following output:
Change Dir: /home/symlab/Downloads/eigen-eigen-67e894c6cd8f/build/CMakeFiles/CMakeTmp

Run Build Command:"/usr/bin/make" "cmTC_45103/fast"
/usr/bin/make -f CMakeFiles/cmTC_45103.dir/build.make CMakeFiles/cmTC_45103.dir/build
make[1]: Entering directory '/home/symlab/Downloads/eigen-eigen-67e894c6cd8f/build/CMakeFiles/CMakeTmp'
Building C object CMakeFiles/cmTC_45103.dir/CheckFunctionExists.c.o
/usr/bin/cc    -DCHECK_FUNCTION_EXISTS=pthread_create   -o CMakeFiles/cmTC_45103.dir/CheckFunctionExists.c.o   -c /usr/share/cmake-3.5/Modules/CheckFunctionExists.c
Linking C executable cmTC_45103
/usr/bin/cmake -E cmake_link_script CMakeFiles/cmTC_45103.dir/link.txt --verbose=1
/usr/bin/cc   -DCHECK_FUNCTION_EXISTS=pthread_create    CMakeFiles/cmTC_45103.dir/CheckFunctionExists.c.o  -o cmTC_45103 -rdynamic -lpthreads 
/usr/bin/ld: cannot find -lpthreads
collect2: error: ld returned 1 exit status
CMakeFiles/cmTC_45103.dir/build.make:97: recipe for target 'cmTC_45103' failed
make[1]: *** [cmTC_45103] Error 1
make[1]: Leaving directory '/home/symlab/Downloads/eigen-eigen-67e894c6cd8f/build/CMakeFiles/CMakeTmp'
Makefile:126: recipe for target 'cmTC_45103/fast' failed
make: *** [cmTC_45103/fast] Error 2


